[debug] [2019-06-12T11:51:19.327Z] ----------------------------------------------------------------------
[debug] [2019-06-12T11:51:19.329Z] Command:       C:\Program Files\nodejs\node.exe C:\Users\Daniel\AppData\Roaming\npm\node_modules\firebase-tools\lib\bin\firebase.js init
[debug] [2019-06-12T11:51:19.329Z] CLI Version:   6.9.1
[debug] [2019-06-12T11:51:19.329Z] Platform:      win32
[debug] [2019-06-12T11:51:19.329Z] Node Version:  v12.2.0
[debug] [2019-06-12T11:51:19.330Z] Time:          Wed Jun 12 2019 13:51:19 GMT+0200 (GMT+02:00)
[debug] [2019-06-12T11:51:19.330Z] ----------------------------------------------------------------------
[debug] 
[debug] [2019-06-12T11:51:19.342Z] > command requires scopes: ["email","openid","https://www.googleapis.com/auth/cloudplatformprojects.readonly","https://www.googleapis.com/auth/firebase","https://www.googleapis.com/auth/cloud-platform"]
[debug] [2019-06-12T11:51:19.342Z] > authorizing via signed-in user
[info] 
     ######## #### ########  ######## ########     ###     ######  ########
     ##        ##  ##     ## ##       ##     ##  ##   ##  ##       ##
     ######    ##  ########  ######   ########  #########  ######  ######
     ##        ##  ##    ##  ##       ##     ## ##     ##       ## ##
     ##       #### ##     ## ######## ########  ##     ##  ######  ########

You're about to initialize a Firebase project in this directory:

  C:\Users\Daniel\iot-app

[info] 
=== Project Setup
[info] 
[info] First, let's associate this project directory with a Firebase project.
[info] You can create multiple project aliases by running firebase use --add, 
[info] but for now we'll just set up a default project.
[info] 
[debug] [2019-06-12T11:51:42.704Z] > refreshing access token with scopes: ["email","https://www.googleapis.com/auth/cloud-platform","https://www.googleapis.com/auth/cloudplatformprojects.readonly","https://www.googleapis.com/auth/firebase","openid"]
[debug] [2019-06-12T11:51:42.704Z] >>> HTTP REQUEST POST https://www.googleapis.com/oauth2/v3/token  
 <request body omitted>
[debug] [2019-06-12T11:51:42.847Z] <<< HTTP RESPONSE 200
[debug] [2019-06-12T11:51:42.873Z] >>> HTTP REQUEST GET https://firebase.googleapis.com/v1beta1/projects?page_size=100  
 
[debug] [2019-06-12T11:51:43.198Z] <<< HTTP RESPONSE 200
[info] 
=== Hosting Setup
[info] 
[info] Your public directory is the folder (relative to your project directory) that
[info] will contain Hosting assets to be uploaded with firebase deploy. If you
[info] have a build process for your assets, use your build's output directory.
[info] 
